<?xml version="1.0" encoding="UTF-8"?>
<testsuite name="edu.drexel.se320.SeleniumTest" tests="4" skipped="0" failures="0" errors="0" timestamp="2021-11-30T01:12:51" hostname="Hanas-MacBook-Air.local" time="25.168">
  <properties/>
  <testcase name="testOneItem()" classname="edu.drexel.se320.SeleniumTest" time="5.469"/>
  <testcase name="testRemoveSecondItemThenFirst()" classname="edu.drexel.se320.SeleniumTest" time="4.724"/>
  <testcase name="testAddTwoItem()" classname="edu.drexel.se320.SeleniumTest" time="4.208"/>
  <testcase name="testRemovefirstItemThenSecond()" classname="edu.drexel.se320.SeleniumTest" time="10.756"/>
  <system-out><![CDATA[]]></system-out>
  <system-err><![CDATA[SLF4J: Failed to load class "org.slf4j.impl.StaticLoggerBinder".
SLF4J: Defaulting to no-operation (NOP) logger implementation
SLF4J: See http://www.slf4j.org/codes.html#StaticLoggerBinder for further details.
1638234772327	geckodriver	INFO	Listening on 127.0.0.1:49550
1638234772520	mozrunner::runner	INFO	Running command: "/Applications/Firefox.app/Contents/MacOS/firefox-bin" "--marionette" "--remote-debugging-port" "55021" "-foreground" "-no-remote" "-profile" "/var/folders/0r/462b1ch53k11mlpqhqc51dlw0000gn/T/rust_mozprofilezFIalc"
1638234773350	Marionette	INFO	Marionette enabled
2021-11-29 20:12:54.460 firefox-bin[59034:5434010] Warning: Expected min height of view: (<NSButton: 0x12e3f2800>) to be less than or equal to 30 but got a height of 32.000000. This error will be logged once per view in violation.
2021-11-29 20:12:54.461 firefox-bin[59034:5434010] Warning: Expected min height of view: (<NSButton: 0x13c5b8c00>) to be less than or equal to 30 but got a height of 32.000000. This error will be logged once per view in violation.
2021-11-29 20:12:54.461 firefox-bin[59034:5434010] Warning: Expected min height of view: (<NSButton: 0x13c5b9400>) to be less than or equal to 30 but got a height of 32.000000. This error will be logged once per view in violation.
2021-11-29 20:12:54.461 firefox-bin[59034:5434010] Warning: Expected min height of view: (<NSButton: 0x13c5b9c00>) to be less than or equal to 30 but got a height of 32.000000. This error will be logged once per view in violation.
2021-11-29 20:12:54.462 firefox-bin[59034:5434010] Warning: Expected min height of view: (<NSButton: 0x13c5ba000>) to be less than or equal to 30 but got a height of 32.000000. This error will be logged once per view in violation.
2021-11-29 20:12:54.462 firefox-bin[59034:5434010] Warning: Expected min height of view: (<NSPopoverTouchBarItemButton: 0x13c867400>) to be less than or equal to 30 but got a height of 32.000000. This error will be logged once per view in violation.
2021-11-29 20:12:54.462 firefox-bin[59034:5434010] Warning: Expected min height of view: (<NSPopoverTouchBarItemButton: 0x13c871c00>) to be less than or equal to 30 but got a height of 32.000000. This error will be logged once per view in violation.
console.warn: SearchSettings: "get: No settings file exists, new profile?" (new NotFoundError("Could not open the file at /var/folders/0r/462b1ch53k11mlpqhqc51dlw0000gn/T/rust_mozprofilezFIalc/search.json.mozlz4", (void 0)))
console.error: BackgroundUpdate: 
  _reasonsToNotScheduleUpdates: Failed to check for Maintenance Service Registry Key: [Exception... "Component returned failure code: 0x80004001 (NS_ERROR_NOT_IMPLEMENTED) [nsIUpdateProcessor.getServiceRegKeyExists]"  nsresult: "0x80004001 (NS_ERROR_NOT_IMPLEMENTED)"  location: "JS frame :: resource://gre/modules/BackgroundUpdate.jsm :: _reasonsToNotScheduleUpdates :: line 243"  data: no]
DevTools listening on ws://localhost:55021/devtools/browser/91a82519-f8ca-624b-be2b-84ce8edbe9af
1638234775590	Marionette	INFO	Listening on port 52772
1638234775650	RemoteAgent	WARN	TLS certificate errors will be ignored for this session
Nov 29, 2021 8:12:55 PM org.openqa.selenium.remote.ProtocolHandshake createSession
INFO: Detected dialect: W3C
1638234776634	Marionette	INFO	Stopped listening on port 52772
console.error: QuickSuggest: (new TypeError("NetworkError: Network request failed", "resource://services-settings/Utils.jsm", 117))

###!!! [Parent][RunMessage] Error: Channel closing: too late to send/recv, messages will be lost

1638234777228	geckodriver	INFO	Listening on 127.0.0.1:59385
1638234777283	mozrunner::runner	INFO	Running command: "/Applications/Firefox.app/Contents/MacOS/firefox-bin" "--marionette" "--remote-debugging-port" "65439" "-foreground" "-no-remote" "-profile" "/var/folders/0r/462b1ch53k11mlpqhqc51dlw0000gn/T/rust_mozprofilejpBQBr"
1638234777651	Marionette	INFO	Marionette enabled
2021-11-29 20:12:58.428 firefox-bin[59043:5434504] Warning: Expected min height of view: (<NSButton: 0x1334b8000>) to be less than or equal to 30 but got a height of 32.000000. This error will be logged once per view in violation.
2021-11-29 20:12:58.428 firefox-bin[59043:5434504] Warning: Expected min height of view: (<NSButton: 0x140626800>) to be less than or equal to 30 but got a height of 32.000000. This error will be logged once per view in violation.
2021-11-29 20:12:58.428 firefox-bin[59043:5434504] Warning: Expected min height of view: (<NSButton: 0x140627400>) to be less than or equal to 30 but got a height of 32.000000. This error will be logged once per view in violation.
2021-11-29 20:12:58.429 firefox-bin[59043:5434504] Warning: Expected min height of view: (<NSButton: 0x140623c00>) to be less than or equal to 30 but got a height of 32.000000. This error will be logged once per view in violation.
2021-11-29 20:12:58.429 firefox-bin[59043:5434504] Warning: Expected min height of view: (<NSButton: 0x140628400>) to be less than or equal to 30 but got a height of 32.000000. This error will be logged once per view in violation.
2021-11-29 20:12:58.429 firefox-bin[59043:5434504] Warning: Expected min height of view: (<NSPopoverTouchBarItemButton: 0x140624000>) to be less than or equal to 30 but got a height of 32.000000. This error will be logged once per view in violation.
2021-11-29 20:12:58.430 firefox-bin[59043:5434504] Warning: Expected min height of view: (<NSPopoverTouchBarItemButton: 0x14062e000>) to be less than or equal to 30 but got a height of 32.000000. This error will be logged once per view in violation.
console.warn: SearchSettings: "get: No settings file exists, new profile?" (new NotFoundError("Could not open the file at /var/folders/0r/462b1ch53k11mlpqhqc51dlw0000gn/T/rust_mozprofilejpBQBr/search.json.mozlz4", (void 0)))
console.error: BackgroundUpdate: 
  _reasonsToNotScheduleUpdates: Failed to check for Maintenance Service Registry Key: [Exception... "Component returned failure code: 0x80004001 (NS_ERROR_NOT_IMPLEMENTED) [nsIUpdateProcessor.getServiceRegKeyExists]"  nsresult: "0x80004001 (NS_ERROR_NOT_IMPLEMENTED)"  location: "JS frame :: resource://gre/modules/BackgroundUpdate.jsm :: _reasonsToNotScheduleUpdates :: line 243"  data: no]
DevTools listening on ws://localhost:65439/devtools/browser/b019a9b2-65b6-294b-b250-69892561ec1d
1638234779419	Marionette	INFO	Listening on port 52893
1638234779464	RemoteAgent	WARN	TLS certificate errors will be ignored for this session
Nov 29, 2021 8:12:59 PM org.openqa.selenium.remote.ProtocolHandshake createSession
INFO: Detected dialect: W3C
1638234781404	Marionette	INFO	Stopped listening on port 52893

###!!! [Parent][RunMessage] Error: Channel closing: too late to send/recv, messages will be lost


###!!! [Parent][RunMessage] Error: Channel closing: too late to send/recv, messages will be lost

1638234781967	geckodriver	INFO	Listening on 127.0.0.1:62449
1638234782008	mozrunner::runner	INFO	Running command: "/Applications/Firefox.app/Contents/MacOS/firefox-bin" "--marionette" "--remote-debugging-port" "57338" "-foreground" "-no-remote" "-profile" "/var/folders/0r/462b1ch53k11mlpqhqc51dlw0000gn/T/rust_mozprofilePFsM5T"
1638234782331	Marionette	INFO	Marionette enabled
2021-11-29 20:13:03.085 firefox-bin[59055:5434918] Warning: Expected min height of view: (<NSButton: 0x12e819000>) to be less than or equal to 30 but got a height of 32.000000. This error will be logged once per view in violation.
2021-11-29 20:13:03.086 firefox-bin[59055:5434918] Warning: Expected min height of view: (<NSButton: 0x13bf95000>) to be less than or equal to 30 but got a height of 32.000000. This error will be logged once per view in violation.
2021-11-29 20:13:03.086 firefox-bin[59055:5434918] Warning: Expected min height of view: (<NSButton: 0x13bf97000>) to be less than or equal to 30 but got a height of 32.000000. This error will be logged once per view in violation.
2021-11-29 20:13:03.086 firefox-bin[59055:5434918] Warning: Expected min height of view: (<NSButton: 0x13bf95400>) to be less than or equal to 30 but got a height of 32.000000. This error will be logged once per view in violation.
2021-11-29 20:13:03.087 firefox-bin[59055:5434918] Warning: Expected min height of view: (<NSButton: 0x13bf95c00>) to be less than or equal to 30 but got a height of 32.000000. This error will be logged once per view in violation.
2021-11-29 20:13:03.087 firefox-bin[59055:5434918] Warning: Expected min height of view: (<NSPopoverTouchBarItemButton: 0x13bf97800>) to be less than or equal to 30 but got a height of 32.000000. This error will be logged once per view in violation.
2021-11-29 20:13:03.087 firefox-bin[59055:5434918] Warning: Expected min height of view: (<NSPopoverTouchBarItemButton: 0x13c203800>) to be less than or equal to 30 but got a height of 32.000000. This error will be logged once per view in violation.
console.warn: SearchSettings: "get: No settings file exists, new profile?" (new NotFoundError("Could not open the file at /var/folders/0r/462b1ch53k11mlpqhqc51dlw0000gn/T/rust_mozprofilePFsM5T/search.json.mozlz4", (void 0)))
console.error: BackgroundUpdate: 
  _reasonsToNotScheduleUpdates: Failed to check for Maintenance Service Registry Key: [Exception... "Component returned failure code: 0x80004001 (NS_ERROR_NOT_IMPLEMENTED) [nsIUpdateProcessor.getServiceRegKeyExists]"  nsresult: "0x80004001 (NS_ERROR_NOT_IMPLEMENTED)"  location: "JS frame :: resource://gre/modules/BackgroundUpdate.jsm :: _reasonsToNotScheduleUpdates :: line 243"  data: no]
DevTools listening on ws://localhost:57338/devtools/browser/76d325c7-3a82-1948-b418-46d01be54bc7
1638234784292	Marionette	INFO	Listening on port 53016
1638234784403	RemoteAgent	WARN	TLS certificate errors will be ignored for this session
Nov 29, 2021 8:13:04 PM org.openqa.selenium.remote.ProtocolHandshake createSession
INFO: Detected dialect: W3C
1638234785609	Marionette	INFO	Stopped listening on port 53016
console.error: QuickSuggest: (new TypeError("NetworkError: Network request failed", "resource://services-settings/Utils.jsm", 117))

###!!! [Parent][RunMessage] Error: Channel closing: too late to send/recv, messages will be lost

1638234786175	geckodriver	INFO	Listening on 127.0.0.1:60667
1638234786220	mozrunner::runner	INFO	Running command: "/Applications/Firefox.app/Contents/MacOS/firefox-bin" "--marionette" "--remote-debugging-port" "61393" "-foreground" "-no-remote" "-profile" "/var/folders/0r/462b1ch53k11mlpqhqc51dlw0000gn/T/rust_mozprofileK9AiHL"
1638234786568	Marionette	INFO	Marionette enabled
2021-11-29 20:13:13.360 firefox-bin[59062:5435265] Warning: Expected min height of view: (<NSButton: 0x131ff4400>) to be less than or equal to 30 but got a height of 32.000000. This error will be logged once per view in violation.
2021-11-29 20:13:13.360 firefox-bin[59062:5435265] Warning: Expected min height of view: (<NSButton: 0x13ffc7c00>) to be less than or equal to 30 but got a height of 32.000000. This error will be logged once per view in violation.
2021-11-29 20:13:13.361 firefox-bin[59062:5435265] Warning: Expected min height of view: (<NSButton: 0x13ffc2400>) to be less than or equal to 30 but got a height of 32.000000. This error will be logged once per view in violation.
2021-11-29 20:13:13.361 firefox-bin[59062:5435265] Warning: Expected min height of view: (<NSButton: 0x120298c00>) to be less than or equal to 30 but got a height of 32.000000. This error will be logged once per view in violation.
2021-11-29 20:13:13.361 firefox-bin[59062:5435265] Warning: Expected min height of view: (<NSButton: 0x13ffc9400>) to be less than or equal to 30 but got a height of 32.000000. This error will be logged once per view in violation.
2021-11-29 20:13:13.362 firefox-bin[59062:5435265] Warning: Expected min height of view: (<NSPopoverTouchBarItemButton: 0x13ffc7000>) to be less than or equal to 30 but got a height of 32.000000. This error will be logged once per view in violation.
2021-11-29 20:13:13.362 firefox-bin[59062:5435265] Warning: Expected min height of view: (<NSPopoverTouchBarItemButton: 0x1402bb800>) to be less than or equal to 30 but got a height of 32.000000. This error will be logged once per view in violation.
console.warn: SearchSettings: "get: No settings file exists, new profile?" (new NotFoundError("Could not open the file at /var/folders/0r/462b1ch53k11mlpqhqc51dlw0000gn/T/rust_mozprofileK9AiHL/search.json.mozlz4", (void 0)))
console.error: BackgroundUpdate: 
  _reasonsToNotScheduleUpdates: Failed to check for Maintenance Service Registry Key: [Exception... "Component returned failure code: 0x80004001 (NS_ERROR_NOT_IMPLEMENTED) [nsIUpdateProcessor.getServiceRegKeyExists]"  nsresult: "0x80004001 (NS_ERROR_NOT_IMPLEMENTED)"  location: "JS frame :: resource://gre/modules/BackgroundUpdate.jsm :: _reasonsToNotScheduleUpdates :: line 243"  data: no]
DevTools listening on ws://localhost:61393/devtools/browser/95cdef9a-12c2-c446-af99-a0ade5464487
1638234794443	Marionette	INFO	Listening on port 53107
1638234794459	RemoteAgent	WARN	TLS certificate errors will be ignored for this session
Nov 29, 2021 8:13:14 PM org.openqa.selenium.remote.ProtocolHandshake createSession
INFO: Detected dialect: W3C
1638234796447	Marionette	INFO	Stopped listening on port 53107

###!!! [Parent][RunMessage] Error: Channel closing: too late to send/recv, messages will be lost

]]></system-err>
</testsuite>
